\BOOKMARK [-1][-]{part.1}{I\040Data-Driven\040Decision\040Making}{}% 1
\BOOKMARK [0][-]{chapter.1}{Data\040pipeline}{part.1}% 2
\BOOKMARK [1][-]{section.1.1}{DDDM}{chapter.1}% 3
\BOOKMARK [2][-]{subsection.1.1.1}{Data-Driven}{section.1.1}% 4
\BOOKMARK [3][-]{subsubsection*.3}{1.\040Know\040your\040objectives}{subsection.1.1.1}% 5
\BOOKMARK [3][-]{subsubsection*.4}{2.\040Find\040relevant\040data}{subsection.1.1.1}% 6
\BOOKMARK [3][-]{subsubsection*.5}{3.\040Pre-process\040data}{subsection.1.1.1}% 7
\BOOKMARK [3][-]{subsubsection*.6}{4.\040Analyse\040data}{subsection.1.1.1}% 8
\BOOKMARK [3][-]{subsubsection*.7}{5.\040Make\040decisions}{subsection.1.1.1}% 9
\BOOKMARK [2][-]{subsection.1.1.2}{Data\040and\040decision\040making}{section.1.1}% 10
\BOOKMARK [2][-]{subsection.1.1.3}{Resources}{section.1.1}% 11
\BOOKMARK [1][-]{section.1.2}{Dashboards\040vs\040Reports}{chapter.1}% 12
\BOOKMARK [-1][-]{part.2}{II\040Data\040Sources}{}% 13
\BOOKMARK [0][-]{chapter.2}{Static\040and\040streaming\040data}{part.2}% 14
\BOOKMARK [1][-]{section.2.1}{Data\040formats}{chapter.2}% 15
\BOOKMARK [2][-]{subsection.2.1.1}{\376\377\040\034\000F\000l\000a\000t\040\035\000\040\000t\000e\000x\000t\000\040\000f\000i\000l\000e\000s}{section.2.1}% 16
\BOOKMARK [2][-]{subsection.2.1.2}{Excel\040files}{section.2.1}% 17
\BOOKMARK [2][-]{subsection.2.1.3}{Other\040proprietary\040formats}{section.2.1}% 18
\BOOKMARK [2][-]{subsection.2.1.4}{Media\040files}{section.2.1}% 19
\BOOKMARK [2][-]{subsection.2.1.5}{JSON}{section.2.1}% 20
\BOOKMARK [2][-]{subsection.2.1.6}{Database\040posts}{section.2.1}% 21
\BOOKMARK [2][-]{subsection.2.1.7}{HDF5}{section.2.1}% 22
\BOOKMARK [1][-]{section.2.2}{Streaming\040data}{chapter.2}% 23
\BOOKMARK [0][-]{chapter.3}{Databases}{part.2}% 24
\BOOKMARK [1][-]{section.3.1}{Main\040categories}{chapter.3}% 25
\BOOKMARK [2][-]{subsection.3.1.1}{Relational\040databases}{section.3.1}% 26
\BOOKMARK [1][-]{section.3.2}{MySQL}{chapter.3}% 27
\BOOKMARK [2][-]{subsection.3.2.1}{Exercise}{section.3.2}% 28
\BOOKMARK [1][-]{section.3.3}{Cassandra}{chapter.3}% 29
\BOOKMARK [2][-]{subsection.3.3.1}{Spinning\040up\040a\040local\040cassandra\040instance\040in\040a\040terminal}{section.3.3}% 30
\BOOKMARK [2][-]{subsection.3.3.2}{Cassandra\040filtering}{section.3.3}% 31
\BOOKMARK [2][-]{subsection.3.3.3}{JSON\040in\040Cassandra}{section.3.3}% 32
\BOOKMARK [3][-]{subsubsection*.8}{Read\040previously\040saved\040JSON\040file\040forecast.json\040to\040memory}{subsection.3.3.3}% 33
\BOOKMARK [2][-]{subsection.3.3.4}{Raw\040JSON}{section.3.3}% 34
\BOOKMARK [3][-]{subsubsection*.9}{Create\040a\040new\040table\040which\040treats\040the\040whole\040JSON\040as\040a\040blob,\040using\040the\040city\040id\040and\040the\040first\040dt\040as\040keys}{subsection.3.3.4}% 35
\BOOKMARK [3][-]{subsubsection*.10}{Insert\040the\040forecast\040data\040into\040the\040table\040as\040text}{subsection.3.3.4}% 36
\BOOKMARK [0][-]{chapter.4}{APIs}{part.2}% 37
\BOOKMARK [1][-]{section.4.1}{REST\040API}{chapter.4}% 38
\BOOKMARK [2][-]{subsection.4.1.1}{Accessing\040REST}{section.4.1}% 39
\BOOKMARK [3][-]{subsubsection*.11}{Retrieving\040data\040\(GET\)}{subsection.4.1.1}% 40
\BOOKMARK [3][-]{subsubsection*.12}{Creating\040data\040\(POST\)}{subsection.4.1.1}% 41
\BOOKMARK [3][-]{subsubsection*.13}{Change\040data\040\(UPDATE\)}{subsection.4.1.1}% 42
\BOOKMARK [3][-]{subsubsection*.14}{Remove\040data\040\(DELETE\)}{subsection.4.1.1}% 43
\BOOKMARK [2][-]{subsection.4.1.2}{Exercise}{section.4.1}% 44
\BOOKMARK [2][-]{subsection.4.1.3}{Resources}{section.4.1}% 45
\BOOKMARK [1][-]{section.4.2}{Demonstration\040of\040API\040using\040OpenWeather.org}{chapter.4}% 46
\BOOKMARK [2][-]{subsection.4.2.1}{Common\040definitions\040to\040use\040for\040all\040requests}{section.4.2}% 47
\BOOKMARK [3][-]{subsubsection*.15}{Current\040weather}{subsection.4.2.1}% 48
\BOOKMARK [2][-]{subsection.4.2.2}{Request\040current\040weather\040in\040chosen\040city}{section.4.2}% 49
\BOOKMARK [2][-]{subsection.4.2.3}{Conversion\040functions}{section.4.2}% 50
\BOOKMARK [2][-]{subsection.4.2.4}{Print\040some\040weather\040properties}{section.4.2}% 51
\BOOKMARK [2][-]{subsection.4.2.5}{Common\040definitions\040to\040use\040for\040all\040requests}{section.4.2}% 52
\BOOKMARK [3][-]{subsubsection*.16}{Forecasted\040weather}{subsection.4.2.5}% 53
\BOOKMARK [2][-]{subsection.4.2.6}{Request\040current\040weather\040in\040chosen\040city}{section.4.2}% 54
\BOOKMARK [3][-]{subsubsection*.17}{When\040and\040what?}{subsection.4.2.6}% 55
\BOOKMARK [2][-]{subsection.4.2.7}{Make\040plots\040of\040omnipresent\040measurements\040and\040events}{section.4.2}% 56
\BOOKMARK [-1][-]{part.3}{III\040Data\040quality}{}% 57
\BOOKMARK [0][-]{chapter.5}{TBA}{part.3}% 58
\BOOKMARK [-1][-]{part.4}{IV\040Machine\040Learning}{}% 59
\BOOKMARK [0][-]{chapter.6}{TBA}{part.4}% 60
\BOOKMARK [1][-]{section.6.1}{Resources}{chapter.6}% 61
\BOOKMARK [-1][-]{part.5}{V\040Deployment}{}% 62
\BOOKMARK [0][-]{chapter.7}{TBA}{part.5}% 63
